<?xml version="1.0" encoding="UTF-8"?>
<!-- Generated by org.testng.reporters.JUnitReportReporter -->
<testsuite hostname="DESKTOP-SKQGP0J" failures="0" tests="3" name="Tests.RegisteredUserCheckout" time="52.256" errors="0" timestamp="2023-01-09T12:05:42 EET" skipped="0">
  <testcase classname="Tests.RegisteredUserCheckout" name="UserCanRegisterSuccssfully" time="16.166"/>
  <system-out/>
  <testcase classname="Tests.RegisteredUserCheckout" name="UserCanRegisterSuccssfully" time="21.131"/>
  <system-out/>
  <testcase classname="Tests.RegisteredUserCheckout" name="UserCanRegisterSuccssfully" time="14.959"/>
  <system-out/>
</testsuite> <!-- Tests.RegisteredUserCheckout -->
